# JRE version: OpenJDK Runtime Environment (8.0_152-b01) (build 1.8.0_152-release-1248-b01)
# Java VM: OpenJDK 64-Bit Server VM (25.152-b01 mixed mode windows-amd64 compressed oops)
Heap:
 PSYoungGen      total 19968K, used 4827K [0x00000000e0000000, 0x00000000e1e80000, 0x0000000100000000)
  eden space 15360K, 21% used [0x00000000e0000000,0x00000000e0329870,0x00000000e0f00000)
  from space 4608K, 34% used [0x00000000e0f00000,0x00000000e108d498,0x00000000e1380000)
  to   space 4608K, 0% used [0x00000000e1a00000,0x00000000e1a00000,0x00000000e1e80000)
 ParOldGen       total 18432K, used 9534K [0x00000000a0000000, 0x00000000a1200000, 0x00000000e0000000)
  object space 18432K, 51% used [0x00000000a0000000,0x00000000a094f800,0x00000000a1200000)
 Metaspace       used 25956K, capacity 26376K, committed 26544K, reserved 1073152K
  class space    used 3505K, capacity 3677K, committed 3760K, reserved 1048576K
GC Heap History (10 events):
Event: 76.632 GC heap before
{Heap before GC invocations=12 (full 0):
 PSYoungGen      total 17408K, used 10953K [0x00000000e0000000, 0x00000000e1800000, 0x0000000100000000)
  eden space 15360K, 58% used [0x00000000e0000000,0x00000000e08b6af0,0x00000000e0f00000)
  from space 2048K, 99% used [0x00000000e0f00000,0x00000000e10fbad0,0x00000000e1100000)
  to   space 4608K, 0% used [0x00000000e1380000,0x00000000e1380000,0x00000000e1800000)
 ParOldGen       total 22016K, used 8613K [0x00000000a0000000, 0x00000000a1580000, 0x00000000e0000000)
  object space 22016K, 39% used [0x00000000a0000000,0x00000000a0869758,0x00000000a1580000)
 Metaspace       used 20881K, capacity 21208K, committed 21296K, reserved 1067008K
  class space    used 2916K, capacity 3092K, committed 3120K, reserved 1048576K
Event: 76.642 GC heap after
Heap after GC invocations=12 (full 0):
 PSYoungGen      total 19968K, used 1693K [0x00000000e0000000, 0x00000000e1800000, 0x0000000100000000)
  eden space 15360K, 0% used [0x00000000e0000000,0x00000000e0000000,0x00000000e0f00000)
  from space 4608K, 36% used [0x00000000e1380000,0x00000000e1527540,0x00000000e1800000)
  to   space 4608K, 0% used [0x00000000e0f00000,0x00000000e0f00000,0x00000000e1380000)
 ParOldGen       total 22016K, used 9205K [0x00000000a0000000, 0x00000000a1580000, 0x00000000e0000000)
  object space 22016K, 41% used [0x00000000a0000000,0x00000000a08fd7a8,0x00000000a1580000)
 Metaspace       used 20881K, capacity 21208K, committed 21296K, reserved 1067008K
  class space    used 2916K, capacity 3092K, committed 3120K, reserved 1048576K
}
Event: 76.642 GC heap before
{Heap before GC invocations=13 (full 1):
 PSYoungGen      total 19968K, used 1693K [0x00000000e0000000, 0x00000000e1800000, 0x0000000100000000)
  eden space 15360K, 0% used [0x00000000e0000000,0x00000000e0000000,0x00000000e0f00000)
  from space 4608K, 36% used [0x00000000e1380000,0x00000000e1527540,0x00000000e1800000)
  to   space 4608K, 0% used [0x00000000e0f00000,0x00000000e0f00000,0x00000000e1380000)
 ParOldGen       total 22016K, used 9205K [0x00000000a0000000, 0x00000000a1580000, 0x00000000e0000000)
  object space 22016K, 41% used [0x00000000a0000000,0x00000000a08fd7a8,0x00000000a1580000)
 Metaspace       used 20881K, capacity 21208K, committed 21296K, reserved 1067008K
  class space    used 2916K, capacity 3092K, committed 3120K, reserved 1048576K
Event: 76.872 GC heap after
Heap after GC invocations=13 (full 1):
 PSYoungGen      total 19968K, used 0K [0x00000000e0000000, 0x00000000e1800000, 0x0000000100000000)
  eden space 15360K, 0% used [0x00000000e0000000,0x00000000e0000000,0x00000000e0f00000)
  from space 4608K, 0% used [0x00000000e1380000,0x00000000e1380000,0x00000000e1800000)
  to   space 4608K, 0% used [0x00000000e0f00000,0x00000000e0f00000,0x00000000e1380000)
 ParOldGen       total 18432K, used 7765K [0x00000000a0000000, 0x00000000a1200000, 0x00000000e0000000)
  object space 18432K, 42% used [0x00000000a0000000,0x00000000a0795780,0x00000000a1200000)
 Metaspace       used 20881K, capacity 21208K, committed 21296K, reserved 1067008K
  class space    used 2916K, capacity 3092K, committed 3120K, reserved 1048576K
}
Event: 79.236 GC heap before
{Heap before GC invocations=14 (full 1):
 PSYoungGen      total 19968K, used 15173K [0x00000000e0000000, 0x00000000e1800000, 0x0000000100000000)
  eden space 15360K, 98% used [0x00000000e0000000,0x00000000e0ed14a0,0x00000000e0f00000)
  from space 4608K, 0% used [0x00000000e1380000,0x00000000e1380000,0x00000000e1800000)
  to   space 4608K, 0% used [0x00000000e0f00000,0x00000000e0f00000,0x00000000e1380000)
 ParOldGen       total 18432K, used 7765K [0x00000000a0000000, 0x00000000a1200000, 0x00000000e0000000)
  object space 18432K, 42% used [0x00000000a0000000,0x00000000a0795780,0x00000000a1200000)
 Metaspace       used 22499K, capacity 22910K, committed 23088K, reserved 1069056K
  class space    used 3148K, capacity 3318K, committed 3376K, reserved 1048576K
Event: 79.252 GC heap after
Heap after GC invocations=14 (full 1):
 PSYoungGen      total 19968K, used 3209K [0x00000000e0000000, 0x00000000e1800000, 0x0000000100000000)
  eden space 15360K, 0% used [0x00000000e0000000,0x00000000e0000000,0x00000000e0f00000)
  from space 4608K, 69% used [0x00000000e0f00000,0x00000000e12224c8,0x00000000e1380000)
  to   space 4608K, 0% used [0x00000000e1380000,0x00000000e1380000,0x00000000e1800000)
 ParOldGen       total 18432K, used 7773K [0x00000000a0000000, 0x00000000a1200000, 0x00000000e0000000)
  object space 18432K, 42% used [0x00000000a0000000,0x00000000a0797780,0x00000000a1200000)
 Metaspace       used 22499K, capacity 22910K, committed 23088K, reserved 1069056K
  class space    used 3148K, capacity 3318K, committed 3376K, reserved 1048576K
}
Event: 81.158 GC heap before
{Heap before GC invocations=15 (full 1):
 PSYoungGen      total 19968K, used 18569K [0x00000000e0000000, 0x00000000e1800000, 0x0000000100000000)
  eden space 15360K, 100% used [0x00000000e0000000,0x00000000e0f00000,0x00000000e0f00000)
  from space 4608K, 69% used [0x00000000e0f00000,0x00000000e12224c8,0x00000000e1380000)
  to   space 4608K, 0% used [0x00000000e1380000,0x00000000e1380000,0x00000000e1800000)
 ParOldGen       total 18432K, used 7773K [0x00000000a0000000, 0x00000000a1200000, 0x00000000e0000000)
  object space 18432K, 42% used [0x00000000a0000000,0x00000000a0797780,0x00000000a1200000)
 Metaspace       used 24073K, capacity 24482K, committed 24752K, reserved 1071104K
  class space    used 3294K, capacity 3452K, committed 3504K, reserved 1048576K
Event: 81.169 GC heap after
Heap after GC invocations=15 (full 1):
 PSYoungGen      total 19968K, used 1499K [0x00000000e0000000, 0x00000000e1800000, 0x0000000100000000)
  eden space 15360K, 0% used [0x00000000e0000000,0x00000000e0000000,0x00000000e0f00000)
  from space 4608K, 32% used [0x00000000e1380000,0x00000000e14f6d58,0x00000000e1800000)
  to   space 4608K, 0% used [0x00000000e0f00000,0x00000000e0f00000,0x00000000e1380000)
 ParOldGen       total 18432K, used 8958K [0x00000000a0000000, 0x00000000a1200000, 0x00000000e0000000)
  object space 18432K, 48% used [0x00000000a0000000,0x00000000a08bf800,0x00000000a1200000)
 Metaspace       used 24073K, capacity 24482K, committed 24752K, reserved 1071104K
  class space    used 3294K, capacity 3452K, committed 3504K, reserved 1048576K
}
Event: 82.375 GC heap before
{Heap before GC invocations=16 (full 1):
 PSYoungGen      total 19968K, used 16859K [0x00000000e0000000, 0x00000000e1800000, 0x0000000100000000)
  eden space 15360K, 100% used [0x00000000e0000000,0x00000000e0f00000,0x00000000e0f00000)
  from space 4608K, 32% used [0x00000000e1380000,0x00000000e14f6d58,0x00000000e1800000)
  to   space 4608K, 0% used [0x00000000e0f00000,0x00000000e0f00000,0x00000000e1380000)
 ParOldGen       total 18432K, used 8958K [0x00000000a0000000, 0x00000000a1200000, 0x00000000e0000000)
  object space 18432K, 48% used [0x00000000a0000000,0x00000000a08bf800,0x00000000a1200000)
 Metaspace       used 25695K, capacity 26056K, committed 26160K, reserved 1071104K
  class space    used 3461K, capacity 3613K, committed 3632K, reserved 1048576K
Event: 82.388 GC heap after
Heap after GC invocations=16 (full 1):
 PSYoungGen      total 19968K, used 1589K [0x00000000e0000000, 0x00000000e1e80000, 0x0000000100000000)
  eden space 15360K, 0% used [0x00000000e0000000,0x00000000e0000000,0x00000000e0f00000)
  from space 4608K, 34% used [0x00000000e0f00000,0x00000000e108d498,0x00000000e1380000)
  to   space 4608K, 0% used [0x00000000e1a00000,0x00000000e1a00000,0x00000000e1e80000)
 ParOldGen       total 18432K, used 9534K [0x00000000a0000000, 0x00000000a1200000, 0x00000000e0000000)
  object space 18432K, 51% used [0x00000000a0000000,0x00000000a094f800,0x00000000a1200000)
 Metaspace       used 25695K, capacity 26056K, committed 26160K, reserved 1071104K
  class space    used 3461K, capacity 3613K, committed 3632K, reserved 1048576K
}

