# JRE version: OpenJDK Runtime Environment (8.0_152-b01) (build 1.8.0_152-release-1248-b01)
# Java VM: OpenJDK 64-Bit Server VM (25.152-b01 mixed mode windows-amd64 compressed oops)
Heap:
 PSYoungGen      total 158720K, used 105232K [0x00000000e0000000, 0x00000000ed680000, 0x0000000100000000)
  eden space 142848K, 73% used [0x00000000e0000000,0x00000000e66c4348,0x00000000e8b80000)
  from space 15872K, 0% used [0x00000000e8b80000,0x00000000e8b80000,0x00000000e9b00000)
  to   space 17920K, 0% used [0x00000000ec500000,0x00000000ec500000,0x00000000ed680000)
 ParOldGen       total 69632K, used 36178K [0x00000000a0000000, 0x00000000a4400000, 0x00000000e0000000)
  object space 69632K, 51% used [0x00000000a0000000,0x00000000a2354850,0x00000000a4400000)
 Metaspace       used 59642K, capacity 61142K, committed 61312K, reserved 1101824K
  class space    used 8074K, capacity 8486K, committed 8576K, reserved 1048576K
GC Heap History (10 events):
Event: 86.200 GC heap before
{Heap before GC invocations=10 (full 1):
 PSYoungGen      total 117760K, used 106656K [0x00000000e0000000, 0x00000000e9500000, 0x0000000100000000)
  eden space 110080K, 89% used [0x00000000e0000000,0x00000000e60bdf40,0x00000000e6b80000)
  from space 7680K, 98% used [0x00000000e8d80000,0x00000000e94ea498,0x00000000e9500000)
  to   space 9216K, 0% used [0x00000000e8300000,0x00000000e8300000,0x00000000e8c00000)
 ParOldGen       total 26112K, used 10556K [0x00000000a0000000, 0x00000000a1980000, 0x00000000e0000000)
  object space 26112K, 40% used [0x00000000a0000000,0x00000000a0a4f200,0x00000000a1980000)
 Metaspace       used 34805K, capacity 35316K, committed 35416K, reserved 1079296K
  class space    used 4833K, capacity 5036K, committed 5120K, reserved 1048576K
Event: 86.245 GC heap after
Heap after GC invocations=10 (full 1):
 PSYoungGen      total 143360K, used 9192K [0x00000000e0000000, 0x00000000ea700000, 0x0000000100000000)
  eden space 134144K, 0% used [0x00000000e0000000,0x00000000e0000000,0x00000000e8300000)
  from space 9216K, 99% used [0x00000000e8300000,0x00000000e8bfa0a8,0x00000000e8c00000)
  to   space 12288K, 0% used [0x00000000e9b00000,0x00000000e9b00000,0x00000000ea700000)
 ParOldGen       total 26112K, used 14836K [0x00000000a0000000, 0x00000000a1980000, 0x00000000e0000000)
  object space 26112K, 56% used [0x00000000a0000000,0x00000000a0e7d1a0,0x00000000a1980000)
 Metaspace       used 34805K, capacity 35316K, committed 35416K, reserved 1079296K
  class space    used 4833K, capacity 5036K, committed 5120K, reserved 1048576K
}
Event: 86.245 GC heap before
{Heap before GC invocations=11 (full 2):
 PSYoungGen      total 143360K, used 9192K [0x00000000e0000000, 0x00000000ea700000, 0x0000000100000000)
  eden space 134144K, 0% used [0x00000000e0000000,0x00000000e0000000,0x00000000e8300000)
  from space 9216K, 99% used [0x00000000e8300000,0x00000000e8bfa0a8,0x00000000e8c00000)
  to   space 12288K, 0% used [0x00000000e9b00000,0x00000000e9b00000,0x00000000ea700000)
 ParOldGen       total 26112K, used 14836K [0x00000000a0000000, 0x00000000a1980000, 0x00000000e0000000)
  object space 26112K, 56% used [0x00000000a0000000,0x00000000a0e7d1a0,0x00000000a1980000)
 Metaspace       used 34805K, capacity 35316K, committed 35416K, reserved 1079296K
  class space    used 4833K, capacity 5036K, committed 5120K, reserved 1048576K
Event: 86.599 GC heap after
Heap after GC invocations=11 (full 2):
 PSYoungGen      total 143360K, used 0K [0x00000000e0000000, 0x00000000ea700000, 0x0000000100000000)
  eden space 134144K, 0% used [0x00000000e0000000,0x00000000e0000000,0x00000000e8300000)
  from space 9216K, 0% used [0x00000000e8300000,0x00000000e8300000,0x00000000e8c00000)
  to   space 12288K, 0% used [0x00000000e9b00000,0x00000000e9b00000,0x00000000ea700000)
 ParOldGen       total 42496K, used 19712K [0x00000000a0000000, 0x00000000a2980000, 0x00000000e0000000)
  object space 42496K, 46% used [0x00000000a0000000,0x00000000a1340320,0x00000000a2980000)
 Metaspace       used 34805K, capacity 35316K, committed 35416K, reserved 1079296K
  class space    used 4833K, capacity 5036K, committed 5120K, reserved 1048576K
}
Event: 98.003 GC heap before
{Heap before GC invocations=12 (full 2):
 PSYoungGen      total 143360K, used 134144K [0x00000000e0000000, 0x00000000ea700000, 0x0000000100000000)
  eden space 134144K, 100% used [0x00000000e0000000,0x00000000e8300000,0x00000000e8300000)
  from space 9216K, 0% used [0x00000000e8300000,0x00000000e8300000,0x00000000e8c00000)
  to   space 12288K, 0% used [0x00000000e9b00000,0x00000000e9b00000,0x00000000ea700000)
 ParOldGen       total 42496K, used 19712K [0x00000000a0000000, 0x00000000a2980000, 0x00000000e0000000)
  object space 42496K, 46% used [0x00000000a0000000,0x00000000a1340320,0x00000000a2980000)
 Metaspace       used 47815K, capacity 48642K, committed 49024K, reserved 1091584K
  class space    used 6456K, capacity 6736K, committed 6784K, reserved 1048576K
Event: 98.069 GC heap after
Heap after GC invocations=12 (full 2):
 PSYoungGen      total 155136K, used 12274K [0x00000000e0000000, 0x00000000ec900000, 0x0000000100000000)
  eden space 142848K, 0% used [0x00000000e0000000,0x00000000e0000000,0x00000000e8b80000)
  from space 12288K, 99% used [0x00000000e9b00000,0x00000000ea6fc8f8,0x00000000ea700000)
  to   space 15872K, 0% used [0x00000000e8b80000,0x00000000e8b80000,0x00000000e9b00000)
 ParOldGen       total 42496K, used 24853K [0x00000000a0000000, 0x00000000a2980000, 0x00000000e0000000)
  object space 42496K, 58% used [0x00000000a0000000,0x00000000a1845518,0x00000000a2980000)
 Metaspace       used 47815K, capacity 48642K, committed 49024K, reserved 1091584K
  class space    used 6456K, capacity 6736K, committed 6784K, reserved 1048576K
}
Event: 115.821 GC heap before
{Heap before GC invocations=13 (full 2):
 PSYoungGen      total 155136K, used 137141K [0x00000000e0000000, 0x00000000ec900000, 0x0000000100000000)
  eden space 142848K, 87% used [0x00000000e0000000,0x00000000e79f0e28,0x00000000e8b80000)
  from space 12288K, 99% used [0x00000000e9b00000,0x00000000ea6fc8f8,0x00000000ea700000)
  to   space 15872K, 0% used [0x00000000e8b80000,0x00000000e8b80000,0x00000000e9b00000)
 ParOldGen       total 42496K, used 24853K [0x00000000a0000000, 0x00000000a2980000, 0x00000000e0000000)
  object space 42496K, 58% used [0x00000000a0000000,0x00000000a1845518,0x00000000a2980000)
 Metaspace       used 57489K, capacity 58858K, committed 59008K, reserved 1099776K
  class space    used 7867K, capacity 8232K, committed 8320K, reserved 1048576K
Event: 115.937 GC heap after
Heap after GC invocations=13 (full 2):
 PSYoungGen      total 158720K, used 14093K [0x00000000e0000000, 0x00000000ed680000, 0x0000000100000000)
  eden space 142848K, 0% used [0x00000000e0000000,0x00000000e0000000,0x00000000e8b80000)
  from space 15872K, 88% used [0x00000000e8b80000,0x00000000e9943448,0x00000000e9b00000)
  to   space 17920K, 0% used [0x00000000ec500000,0x00000000ec500000,0x00000000ed680000)
 ParOldGen       total 42496K, used 33923K [0x00000000a0000000, 0x00000000a2980000, 0x00000000e0000000)
  object space 42496K, 79% used [0x00000000a0000000,0x00000000a2120da8,0x00000000a2980000)
 Metaspace       used 57489K, capacity 58858K, committed 59008K, reserved 1099776K
  class space    used 7867K, capacity 8232K, committed 8320K, reserved 1048576K
}
Event: 115.937 GC heap before
{Heap before GC invocations=14 (full 3):
 PSYoungGen      total 158720K, used 14093K [0x00000000e0000000, 0x00000000ed680000, 0x0000000100000000)
  eden space 142848K, 0% used [0x00000000e0000000,0x00000000e0000000,0x00000000e8b80000)
  from space 15872K, 88% used [0x00000000e8b80000,0x00000000e9943448,0x00000000e9b00000)
  to   space 17920K, 0% used [0x00000000ec500000,0x00000000ec500000,0x00000000ed680000)
 ParOldGen       total 42496K, used 33923K [0x00000000a0000000, 0x00000000a2980000, 0x00000000e0000000)
  object space 42496K, 79% used [0x00000000a0000000,0x00000000a2120da8,0x00000000a2980000)
 Metaspace       used 57489K, capacity 58858K, committed 59008K, reserved 1099776K
  class space    used 7867K, capacity 8232K, committed 8320K, reserved 1048576K
Event: 116.607 GC heap after
Heap after GC invocations=14 (full 3):
 PSYoungGen      total 158720K, used 0K [0x00000000e0000000, 0x00000000ed680000, 0x0000000100000000)
  eden space 142848K, 0% used [0x00000000e0000000,0x00000000e0000000,0x00000000e8b80000)
  from space 15872K, 0% used [0x00000000e8b80000,0x00000000e8b80000,0x00000000e9b00000)
  to   space 17920K, 0% used [0x00000000ec500000,0x00000000ec500000,0x00000000ed680000)
 ParOldGen       total 69632K, used 36178K [0x00000000a0000000, 0x00000000a4400000, 0x00000000e0000000)
  object space 69632K, 51% used [0x00000000a0000000,0x00000000a2354850,0x00000000a4400000)
 Metaspace       used 57489K, capacity 58858K, committed 59008K, reserved 1099776K
  class space    used 7867K, capacity 8232K, committed 8320K, reserved 1048576K
}

