# JRE version: OpenJDK Runtime Environment (8.0_152-b01) (build 1.8.0_152-release-1248-b01)
# Java VM: OpenJDK 64-Bit Server VM (25.152-b01 mixed mode windows-amd64 compressed oops)
Heap:
 PSYoungGen      total 47616K, used 16464K [0x00000000e0000000, 0x00000000e3700000, 0x0000000100000000)
  eden space 40960K, 27% used [0x00000000e0000000,0x00000000e0b271d0,0x00000000e2800000)
  from space 6656K, 75% used [0x00000000e2f00000,0x00000000e33ed0f8,0x00000000e3580000)
  to   space 7168K, 0% used [0x00000000e2800000,0x00000000e2800000,0x00000000e2f00000)
 ParOldGen       total 27136K, used 10788K [0x00000000a0000000, 0x00000000a1a80000, 0x00000000e0000000)
  object space 27136K, 39% used [0x00000000a0000000,0x00000000a0a89058,0x00000000a1a80000)
 Metaspace       used 27253K, capacity 27628K, committed 27776K, reserved 1073152K
  class space    used 3727K, capacity 3881K, committed 3968K, reserved 1048576K
GC Heap History (10 events):
Event: 36.068 GC heap before
{Heap before GC invocations=7 (full 0):
 PSYoungGen      total 37888K, used 37708K [0x00000000e0000000, 0x00000000e2c00000, 0x0000000100000000)
  eden space 32768K, 99% used [0x00000000e0000000,0x00000000e1fd6648,0x00000000e2000000)
  from space 5120K, 99% used [0x00000000e2600000,0x00000000e2afcad0,0x00000000e2b00000)
  to   space 6144K, 0% used [0x00000000e2000000,0x00000000e2000000,0x00000000e2600000)
 ParOldGen       total 22016K, used 8735K [0x00000000a0000000, 0x00000000a1580000, 0x00000000e0000000)
  object space 22016K, 39% used [0x00000000a0000000,0x00000000a0887ef8,0x00000000a1580000)
 Metaspace       used 18953K, capacity 19256K, committed 19584K, reserved 1067008K
  class space    used 2726K, capacity 2868K, committed 2944K, reserved 1048576K
Event: 36.092 GC heap after
Heap after GC invocations=7 (full 0):
 PSYoungGen      total 37888K, used 6095K [0x00000000e0000000, 0x00000000e2d00000, 0x0000000100000000)
  eden space 31744K, 0% used [0x00000000e0000000,0x00000000e0000000,0x00000000e1f00000)
  from space 6144K, 99% used [0x00000000e2000000,0x00000000e25f3c38,0x00000000e2600000)
  to   space 7168K, 0% used [0x00000000e2600000,0x00000000e2600000,0x00000000e2d00000)
 ParOldGen       total 22016K, used 9039K [0x00000000a0000000, 0x00000000a1580000, 0x00000000e0000000)
  object space 22016K, 41% used [0x00000000a0000000,0x00000000a08d3f38,0x00000000a1580000)
 Metaspace       used 18953K, capacity 19256K, committed 19584K, reserved 1067008K
  class space    used 2726K, capacity 2868K, committed 2944K, reserved 1048576K
}
Event: 37.485 GC heap before
{Heap before GC invocations=8 (full 0):
 PSYoungGen      total 37888K, used 10776K [0x00000000e0000000, 0x00000000e2d00000, 0x0000000100000000)
  eden space 31744K, 14% used [0x00000000e0000000,0x00000000e0492608,0x00000000e1f00000)
  from space 6144K, 99% used [0x00000000e2000000,0x00000000e25f3c38,0x00000000e2600000)
  to   space 7168K, 0% used [0x00000000e2600000,0x00000000e2600000,0x00000000e2d00000)
 ParOldGen       total 22016K, used 9039K [0x00000000a0000000, 0x00000000a1580000, 0x00000000e0000000)
  object space 22016K, 41% used [0x00000000a0000000,0x00000000a08d3f38,0x00000000a1580000)
 Metaspace       used 20870K, capacity 21176K, committed 21248K, reserved 1067008K
  class space    used 2903K, capacity 3060K, committed 3072K, reserved 1048576K
Event: 37.499 GC heap after
Heap after GC invocations=8 (full 0):
 PSYoungGen      total 36864K, used 3985K [0x00000000e0000000, 0x00000000e2c00000, 0x0000000100000000)
  eden space 30720K, 0% used [0x00000000e0000000,0x00000000e0000000,0x00000000e1e00000)
  from space 6144K, 64% used [0x00000000e2600000,0x00000000e29e4780,0x00000000e2c00000)
  to   space 7168K, 0% used [0x00000000e1e00000,0x00000000e1e00000,0x00000000e2500000)
 ParOldGen       total 22016K, used 9161K [0x00000000a0000000, 0x00000000a1580000, 0x00000000e0000000)
  object space 22016K, 41% used [0x00000000a0000000,0x00000000a08f25a8,0x00000000a1580000)
 Metaspace       used 20870K, capacity 21176K, committed 21248K, reserved 1067008K
  class space    used 2903K, capacity 3060K, committed 3072K, reserved 1048576K
}
Event: 37.499 GC heap before
{Heap before GC invocations=9 (full 1):
 PSYoungGen      total 36864K, used 3985K [0x00000000e0000000, 0x00000000e2c00000, 0x0000000100000000)
  eden space 30720K, 0% used [0x00000000e0000000,0x00000000e0000000,0x00000000e1e00000)
  from space 6144K, 64% used [0x00000000e2600000,0x00000000e29e4780,0x00000000e2c00000)
  to   space 7168K, 0% used [0x00000000e1e00000,0x00000000e1e00000,0x00000000e2500000)
 ParOldGen       total 22016K, used 9161K [0x00000000a0000000, 0x00000000a1580000, 0x00000000e0000000)
  object space 22016K, 41% used [0x00000000a0000000,0x00000000a08f25a8,0x00000000a1580000)
 Metaspace       used 20870K, capacity 21176K, committed 21248K, reserved 1067008K
  class space    used 2903K, capacity 3060K, committed 3072K, reserved 1048576K
Event: 37.690 GC heap after
Heap after GC invocations=9 (full 1):
 PSYoungGen      total 36864K, used 0K [0x00000000e0000000, 0x00000000e2c00000, 0x0000000100000000)
  eden space 30720K, 0% used [0x00000000e0000000,0x00000000e0000000,0x00000000e1e00000)
  from space 6144K, 0% used [0x00000000e2600000,0x00000000e2600000,0x00000000e2c00000)
  to   space 7168K, 0% used [0x00000000e1e00000,0x00000000e1e00000,0x00000000e2500000)
 ParOldGen       total 27136K, used 10772K [0x00000000a0000000, 0x00000000a1a80000, 0x00000000e0000000)
  object space 27136K, 39% used [0x00000000a0000000,0x00000000a0a85058,0x00000000a1a80000)
 Metaspace       used 20870K, capacity 21176K, committed 21248K, reserved 1067008K
  class space    used 2903K, capacity 3060K, committed 3072K, reserved 1048576K
}
Event: 40.994 GC heap before
{Heap before GC invocations=10 (full 1):
 PSYoungGen      total 36864K, used 30720K [0x00000000e0000000, 0x00000000e2c00000, 0x0000000100000000)
  eden space 30720K, 100% used [0x00000000e0000000,0x00000000e1e00000,0x00000000e1e00000)
  from space 6144K, 0% used [0x00000000e2600000,0x00000000e2600000,0x00000000e2c00000)
  to   space 7168K, 0% used [0x00000000e1e00000,0x00000000e1e00000,0x00000000e2500000)
 ParOldGen       total 27136K, used 10772K [0x00000000a0000000, 0x00000000a1a80000, 0x00000000e0000000)
  object space 27136K, 39% used [0x00000000a0000000,0x00000000a0a85058,0x00000000a1a80000)
 Metaspace       used 24094K, capacity 24482K, committed 24704K, reserved 1071104K
  class space    used 3297K, capacity 3452K, committed 3456K, reserved 1048576K
Event: 41.006 GC heap after
Heap after GC invocations=10 (full 1):
 PSYoungGen      total 37888K, used 3659K [0x00000000e0000000, 0x00000000e3580000, 0x0000000100000000)
  eden space 30720K, 0% used [0x00000000e0000000,0x00000000e0000000,0x00000000e1e00000)
  from space 7168K, 51% used [0x00000000e1e00000,0x00000000e2192e60,0x00000000e2500000)
  to   space 6656K, 0% used [0x00000000e2f00000,0x00000000e2f00000,0x00000000e3580000)
 ParOldGen       total 27136K, used 10780K [0x00000000a0000000, 0x00000000a1a80000, 0x00000000e0000000)
  object space 27136K, 39% used [0x00000000a0000000,0x00000000a0a87058,0x00000000a1a80000)
 Metaspace       used 24094K, capacity 24482K, committed 24704K, reserved 1071104K
  class space    used 3297K, capacity 3452K, committed 3456K, reserved 1048576K
}
Event: 43.335 GC heap before
{Heap before GC invocations=11 (full 1):
 PSYoungGen      total 37888K, used 34379K [0x00000000e0000000, 0x00000000e3580000, 0x0000000100000000)
  eden space 30720K, 100% used [0x00000000e0000000,0x00000000e1e00000,0x00000000e1e00000)
  from space 7168K, 51% used [0x00000000e1e00000,0x00000000e2192e60,0x00000000e2500000)
  to   space 6656K, 0% used [0x00000000e2f00000,0x00000000e2f00000,0x00000000e3580000)
 ParOldGen       total 27136K, used 10780K [0x00000000a0000000, 0x00000000a1a80000, 0x00000000e0000000)
  object space 27136K, 39% used [0x00000000a0000000,0x00000000a0a87058,0x00000000a1a80000)
 Metaspace       used 26849K, capacity 27238K, committed 27392K, reserved 1073152K
  class space    used 3645K, capacity 3815K, committed 3840K, reserved 1048576K
Event: 43.358 GC heap after
Heap after GC invocations=11 (full 1):
 PSYoungGen      total 47616K, used 5044K [0x00000000e0000000, 0x00000000e3700000, 0x0000000100000000)
  eden space 40960K, 0% used [0x00000000e0000000,0x00000000e0000000,0x00000000e2800000)
  from space 6656K, 75% used [0x00000000e2f00000,0x00000000e33ed0f8,0x00000000e3580000)
  to   space 7168K, 0% used [0x00000000e2800000,0x00000000e2800000,0x00000000e2f00000)
 ParOldGen       total 27136K, used 10788K [0x00000000a0000000, 0x00000000a1a80000, 0x00000000e0000000)
  object space 27136K, 39% used [0x00000000a0000000,0x00000000a0a89058,0x00000000a1a80000)
 Metaspace       used 26849K, capacity 27238K, committed 27392K, reserved 1073152K
  class space    used 3645K, capacity 3815K, committed 3840K, reserved 1048576K
}

