# JRE version: OpenJDK Runtime Environment (8.0_152-b01) (build 1.8.0_152-release-1248-b01)
# Java VM: OpenJDK 64-Bit Server VM (25.152-b01 mixed mode windows-amd64 compressed oops)
Heap:
 PSYoungGen      total 58880K, used 49738K [0x00000000e0000000, 0x00000000e4880000, 0x0000000100000000)
  eden space 53248K, 93% used [0x00000000e0000000,0x00000000e3092860,0x00000000e3400000)
  from space 5632K, 0% used [0x00000000e4000000,0x00000000e4000000,0x00000000e4580000)
  to   space 3072K, 0% used [0x00000000e4580000,0x00000000e4580000,0x00000000e4880000)
 ParOldGen       total 23552K, used 9284K [0x00000000a0000000, 0x00000000a1700000, 0x00000000e0000000)
  object space 23552K, 39% used [0x00000000a0000000,0x00000000a0911060,0x00000000a1700000)
 Metaspace       used 25950K, capacity 26376K, committed 26544K, reserved 1073152K
  class space    used 3504K, capacity 3677K, committed 3760K, reserved 1048576K
GC Heap History (10 events):
Event: 16.565 GC heap before
{Heap before GC invocations=6 (full 0):
 PSYoungGen      total 18432K, used 18432K [0x00000000e0000000, 0x00000000e2800000, 0x0000000100000000)
  eden space 17408K, 100% used [0x00000000e0000000,0x00000000e1100000,0x00000000e1100000)
  from space 1024K, 100% used [0x00000000e1100000,0x00000000e1200000,0x00000000e1200000)
  to   space 3072K, 0% used [0x00000000e2500000,0x00000000e2500000,0x00000000e2800000)
 ParOldGen       total 22016K, used 4180K [0x00000000a0000000, 0x00000000a1580000, 0x00000000e0000000)
  object space 22016K, 18% used [0x00000000a0000000,0x00000000a04151d0,0x00000000a1580000)
 Metaspace       used 10593K, capacity 10818K, committed 11008K, reserved 1058816K
  class space    used 1399K, capacity 1517K, committed 1536K, reserved 1048576K
Event: 16.579 GC heap after
Heap after GC invocations=6 (full 0):
 PSYoungGen      total 37376K, used 3053K [0x00000000e0000000, 0x00000000e2900000, 0x0000000100000000)
  eden space 34304K, 0% used [0x00000000e0000000,0x00000000e0000000,0x00000000e2180000)
  from space 3072K, 99% used [0x00000000e2500000,0x00000000e27fb728,0x00000000e2800000)
  to   space 3584K, 0% used [0x00000000e2180000,0x00000000e2180000,0x00000000e2500000)
 ParOldGen       total 22016K, used 4596K [0x00000000a0000000, 0x00000000a1580000, 0x00000000e0000000)
  object space 22016K, 20% used [0x00000000a0000000,0x00000000a047d3a8,0x00000000a1580000)
 Metaspace       used 10593K, capacity 10818K, committed 11008K, reserved 1058816K
  class space    used 1399K, capacity 1517K, committed 1536K, reserved 1048576K
}
Event: 20.472 GC heap before
{Heap before GC invocations=7 (full 0):
 PSYoungGen      total 37376K, used 37357K [0x00000000e0000000, 0x00000000e2900000, 0x0000000100000000)
  eden space 34304K, 100% used [0x00000000e0000000,0x00000000e2180000,0x00000000e2180000)
  from space 3072K, 99% used [0x00000000e2500000,0x00000000e27fb728,0x00000000e2800000)
  to   space 3584K, 0% used [0x00000000e2180000,0x00000000e2180000,0x00000000e2500000)
 ParOldGen       total 22016K, used 4596K [0x00000000a0000000, 0x00000000a1580000, 0x00000000e0000000)
  object space 22016K, 20% used [0x00000000a0000000,0x00000000a047d3a8,0x00000000a1580000)
 Metaspace       used 13713K, capacity 14082K, committed 14208K, reserved 1060864K
  class space    used 1936K, capacity 2085K, committed 2176K, reserved 1048576K
Event: 20.529 GC heap after
Heap after GC invocations=7 (full 0):
 PSYoungGen      total 37888K, used 3577K [0x00000000e0000000, 0x00000000e4d00000, 0x0000000100000000)
  eden space 34304K, 0% used [0x00000000e0000000,0x00000000e0000000,0x00000000e2180000)
  from space 3584K, 99% used [0x00000000e2180000,0x00000000e24fe4d8,0x00000000e2500000)
  to   space 5120K, 0% used [0x00000000e4800000,0x00000000e4800000,0x00000000e4d00000)
 ParOldGen       total 22016K, used 6623K [0x00000000a0000000, 0x00000000a1580000, 0x00000000e0000000)
  object space 22016K, 30% used [0x00000000a0000000,0x00000000a0677f80,0x00000000a1580000)
 Metaspace       used 13713K, capacity 14082K, committed 14208K, reserved 1060864K
  class space    used 1936K, capacity 2085K, committed 2176K, reserved 1048576K
}
Event: 34.432 GC heap before
{Heap before GC invocations=8 (full 0):
 PSYoungGen      total 37888K, used 37881K [0x00000000e0000000, 0x00000000e4d00000, 0x0000000100000000)
  eden space 34304K, 100% used [0x00000000e0000000,0x00000000e2180000,0x00000000e2180000)
  from space 3584K, 99% used [0x00000000e2180000,0x00000000e24fe4d8,0x00000000e2500000)
  to   space 5120K, 0% used [0x00000000e4800000,0x00000000e4800000,0x00000000e4d00000)
 ParOldGen       total 22016K, used 6623K [0x00000000a0000000, 0x00000000a1580000, 0x00000000e0000000)
  object space 22016K, 30% used [0x00000000a0000000,0x00000000a0677f80,0x00000000a1580000)
 Metaspace       used 17307K, capacity 17684K, committed 17792K, reserved 1064960K
  class space    used 2494K, capacity 2670K, committed 2688K, reserved 1048576K
Event: 34.456 GC heap after
Heap after GC invocations=8 (full 0):
 PSYoungGen      total 38400K, used 5105K [0x00000000e0000000, 0x00000000e4d00000, 0x0000000100000000)
  eden space 33280K, 0% used [0x00000000e0000000,0x00000000e0000000,0x00000000e2080000)
  from space 5120K, 99% used [0x00000000e4800000,0x00000000e4cfc5e0,0x00000000e4d00000)
  to   space 6656K, 0% used [0x00000000e4000000,0x00000000e4000000,0x00000000e4680000)
 ParOldGen       total 22016K, used 8378K [0x00000000a0000000, 0x00000000a1580000, 0x00000000e0000000)
  object space 22016K, 38% used [0x00000000a0000000,0x00000000a082ebb0,0x00000000a1580000)
 Metaspace       used 17307K, capacity 17684K, committed 17792K, reserved 1064960K
  class space    used 2494K, capacity 2670K, committed 2688K, reserved 1048576K
}
Event: 37.286 GC heap before
{Heap before GC invocations=9 (full 0):
 PSYoungGen      total 38400K, used 25137K [0x00000000e0000000, 0x00000000e4d00000, 0x0000000100000000)
  eden space 33280K, 60% used [0x00000000e0000000,0x00000000e138ffb0,0x00000000e2080000)
  from space 5120K, 99% used [0x00000000e4800000,0x00000000e4cfc5e0,0x00000000e4d00000)
  to   space 6656K, 0% used [0x00000000e4000000,0x00000000e4000000,0x00000000e4680000)
 ParOldGen       total 22016K, used 8378K [0x00000000a0000000, 0x00000000a1580000, 0x00000000e0000000)
  object space 22016K, 38% used [0x00000000a0000000,0x00000000a082ebb0,0x00000000a1580000)
 Metaspace       used 20881K, capacity 21208K, committed 21296K, reserved 1067008K
  class space    used 2911K, capacity 3092K, committed 3120K, reserved 1048576K
Event: 37.343 GC heap after
Heap after GC invocations=9 (full 0):
 PSYoungGen      total 58880K, used 5357K [0x00000000e0000000, 0x00000000e4880000, 0x0000000100000000)
  eden space 53248K, 0% used [0x00000000e0000000,0x00000000e0000000,0x00000000e3400000)
  from space 5632K, 95% used [0x00000000e4000000,0x00000000e453b5f0,0x00000000e4580000)
  to   space 3072K, 0% used [0x00000000e4580000,0x00000000e4580000,0x00000000e4880000)
 ParOldGen       total 22016K, used 9514K [0x00000000a0000000, 0x00000000a1580000, 0x00000000e0000000)
  object space 22016K, 43% used [0x00000000a0000000,0x00000000a094abd0,0x00000000a1580000)
 Metaspace       used 20881K, capacity 21208K, committed 21296K, reserved 1067008K
  class space    used 2911K, capacity 3092K, committed 3120K, reserved 1048576K
}
Event: 37.343 GC heap before
{Heap before GC invocations=10 (full 1):
 PSYoungGen      total 58880K, used 5357K [0x00000000e0000000, 0x00000000e4880000, 0x0000000100000000)
  eden space 53248K, 0% used [0x00000000e0000000,0x00000000e0000000,0x00000000e3400000)
  from space 5632K, 95% used [0x00000000e4000000,0x00000000e453b5f0,0x00000000e4580000)
  to   space 3072K, 0% used [0x00000000e4580000,0x00000000e4580000,0x00000000e4880000)
 ParOldGen       total 22016K, used 9514K [0x00000000a0000000, 0x00000000a1580000, 0x00000000e0000000)
  object space 22016K, 43% used [0x00000000a0000000,0x00000000a094abd0,0x00000000a1580000)
 Metaspace       used 20881K, capacity 21208K, committed 21296K, reserved 1067008K
  class space    used 2911K, capacity 3092K, committed 3120K, reserved 1048576K
Event: 37.587 GC heap after
Heap after GC invocations=10 (full 1):
 PSYoungGen      total 58880K, used 0K [0x00000000e0000000, 0x00000000e4880000, 0x0000000100000000)
  eden space 53248K, 0% used [0x00000000e0000000,0x00000000e0000000,0x00000000e3400000)
  from space 5632K, 0% used [0x00000000e4000000,0x00000000e4000000,0x00000000e4580000)
  to   space 3072K, 0% used [0x00000000e4580000,0x00000000e4580000,0x00000000e4880000)
 ParOldGen       total 23552K, used 9284K [0x00000000a0000000, 0x00000000a1700000, 0x00000000e0000000)
  object space 23552K, 39% used [0x00000000a0000000,0x00000000a0911060,0x00000000a1700000)
 Metaspace       used 20881K, capacity 21208K, committed 21296K, reserved 1067008K
  class space    used 2911K, capacity 3092K, committed 3120K, reserved 1048576K
}

