# JRE version: OpenJDK Runtime Environment (8.0_152-b01) (build 1.8.0_152-release-1248-b01)
# Java VM: OpenJDK 64-Bit Server VM (25.152-b01 mixed mode windows-amd64 compressed oops)
Heap:
 PSYoungGen      total 287744K, used 65965K [0x00000000e0000000, 0x00000000f7780000, 0x0000000100000000)
  eden space 227840K, 28% used [0x00000000e0000000,0x00000000e40051b8,0x00000000ede80000)
  from space 59904K, 0% used [0x00000000ede80000,0x00000000edee6280,0x00000000f1900000)
  to   space 58368K, 0% used [0x00000000f3e80000,0x00000000f3e80000,0x00000000f7780000)
 ParOldGen       total 172032K, used 117675K [0x00000000a0000000, 0x00000000aa800000, 0x00000000e0000000)
  object space 172032K, 68% used [0x00000000a0000000,0x00000000a72eac88,0x00000000aa800000)
 Metaspace       used 86290K, capacity 89038K, committed 89088K, reserved 1126400K
  class space    used 10887K, capacity 11474K, committed 11520K, reserved 1048576K
GC Heap History (10 events):
Event: 747.606 GC heap before
{Heap before GC invocations=36 (full 5):
 PSYoungGen      total 221696K, used 178918K [0x00000000e0000000, 0x00000000f2080000, 0x0000000100000000)
  eden space 166400K, 99% used [0x00000000e0000000,0x00000000ea1f03a8,0x00000000ea280000)
  from space 55296K, 23% used [0x00000000eea80000,0x00000000ef7494e0,0x00000000f2080000)
  to   space 64512K, 0% used [0x00000000ea280000,0x00000000ea280000,0x00000000ee180000)
 ParOldGen       total 172032K, used 104614K [0x00000000a0000000, 0x00000000aa800000, 0x00000000e0000000)
  object space 172032K, 60% used [0x00000000a0000000,0x00000000a6629b78,0x00000000aa800000)
 Metaspace       used 84655K, capacity 87124K, committed 87296K, reserved 1126400K
  class space    used 10692K, capacity 11247K, committed 11264K, reserved 1048576K
Event: 747.846 GC heap after
Heap after GC invocations=36 (full 5):
 PSYoungGen      total 230912K, used 2415K [0x00000000e0000000, 0x00000000f3900000, 0x0000000100000000)
  eden space 166400K, 0% used [0x00000000e0000000,0x00000000e0000000,0x00000000ea280000)
  from space 64512K, 3% used [0x00000000ea280000,0x00000000ea4dbe48,0x00000000ee180000)
  to   space 64000K, 0% used [0x00000000efa80000,0x00000000efa80000,0x00000000f3900000)
 ParOldGen       total 172032K, used 114814K [0x00000000a0000000, 0x00000000aa800000, 0x00000000e0000000)
  object space 172032K, 66% used [0x00000000a0000000,0x00000000a701fb88,0x00000000aa800000)
 Metaspace       used 84655K, capacity 87124K, committed 87296K, reserved 1126400K
  class space    used 10692K, capacity 11247K, committed 11264K, reserved 1048576K
}
Event: 771.623 GC heap before
{Heap before GC invocations=37 (full 5):
 PSYoungGen      total 230912K, used 168773K [0x00000000e0000000, 0x00000000f3900000, 0x0000000100000000)
  eden space 166400K, 99% used [0x00000000e0000000,0x00000000ea275828,0x00000000ea280000)
  from space 64512K, 3% used [0x00000000ea280000,0x00000000ea4dbe48,0x00000000ee180000)
  to   space 64000K, 0% used [0x00000000efa80000,0x00000000efa80000,0x00000000f3900000)
 ParOldGen       total 172032K, used 114814K [0x00000000a0000000, 0x00000000aa800000, 0x00000000e0000000)
  object space 172032K, 66% used [0x00000000a0000000,0x00000000a701fb88,0x00000000aa800000)
 Metaspace       used 85472K, capacity 88118K, committed 88320K, reserved 1126400K
  class space    used 10810K, capacity 11398K, committed 11520K, reserved 1048576K
Event: 771.990 GC heap after
Heap after GC invocations=37 (full 5):
 PSYoungGen      total 250368K, used 10403K [0x00000000e0000000, 0x00000000f3400000, 0x0000000100000000)
  eden space 191488K, 0% used [0x00000000e0000000,0x00000000e0000000,0x00000000ebb00000)
  from space 58880K, 17% used [0x00000000efa80000,0x00000000f04a8cf0,0x00000000f3400000)
  to   space 61952K, 0% used [0x00000000ebb00000,0x00000000ebb00000,0x00000000ef780000)
 ParOldGen       total 172032K, used 115056K [0x00000000a0000000, 0x00000000aa800000, 0x00000000e0000000)
  object space 172032K, 66% used [0x00000000a0000000,0x00000000a705c0a8,0x00000000aa800000)
 Metaspace       used 85472K, capacity 88118K, committed 88320K, reserved 1126400K
  class space    used 10810K, capacity 11398K, committed 11520K, reserved 1048576K
}
Event: 772.303 GC heap before
{Heap before GC invocations=38 (full 5):
 PSYoungGen      total 250368K, used 201318K [0x00000000e0000000, 0x00000000f3400000, 0x0000000100000000)
  eden space 191488K, 99% used [0x00000000e0000000,0x00000000eba70e70,0x00000000ebb00000)
  from space 58880K, 17% used [0x00000000efa80000,0x00000000f04a8cf0,0x00000000f3400000)
  to   space 61952K, 0% used [0x00000000ebb00000,0x00000000ebb00000,0x00000000ef780000)
 ParOldGen       total 172032K, used 115056K [0x00000000a0000000, 0x00000000aa800000, 0x00000000e0000000)
  object space 172032K, 66% used [0x00000000a0000000,0x00000000a705c0a8,0x00000000aa800000)
 Metaspace       used 85480K, capacity 88118K, committed 88320K, reserved 1126400K
  class space    used 10810K, capacity 11398K, committed 11520K, reserved 1048576K
Event: 772.384 GC heap after
Heap after GC invocations=38 (full 5):
 PSYoungGen      total 253440K, used 96K [0x00000000e0000000, 0x00000000f5680000, 0x0000000100000000)
  eden space 191488K, 0% used [0x00000000e0000000,0x00000000e0000000,0x00000000ebb00000)
  from space 61952K, 0% used [0x00000000ebb00000,0x00000000ebb18000,0x00000000ef780000)
  to   space 60928K, 0% used [0x00000000f1b00000,0x00000000f1b00000,0x00000000f5680000)
 ParOldGen       total 172032K, used 117627K [0x00000000a0000000, 0x00000000aa800000, 0x00000000e0000000)
  object space 172032K, 68% used [0x00000000a0000000,0x00000000a72dec88,0x00000000aa800000)
 Metaspace       used 85480K, capacity 88118K, committed 88320K, reserved 1126400K
  class space    used 10810K, capacity 11398K, committed 11520K, reserved 1048576K
}
Event: 772.589 GC heap before
{Heap before GC invocations=39 (full 5):
 PSYoungGen      total 253440K, used 190998K [0x00000000e0000000, 0x00000000f5680000, 0x0000000100000000)
  eden space 191488K, 99% used [0x00000000e0000000,0x00000000eba6d850,0x00000000ebb00000)
  from space 61952K, 0% used [0x00000000ebb00000,0x00000000ebb18000,0x00000000ef780000)
  to   space 60928K, 0% used [0x00000000f1b00000,0x00000000f1b00000,0x00000000f5680000)
 ParOldGen       total 172032K, used 117627K [0x00000000a0000000, 0x00000000aa800000, 0x00000000e0000000)
  object space 172032K, 68% used [0x00000000a0000000,0x00000000a72dec88,0x00000000aa800000)
 Metaspace       used 85486K, capacity 88118K, committed 88320K, reserved 1126400K
  class space    used 10810K, capacity 11398K, committed 11520K, reserved 1048576K
Event: 772.595 GC heap after
Heap after GC invocations=39 (full 5):
 PSYoungGen      total 285696K, used 64K [0x00000000e0000000, 0x00000000f5380000, 0x0000000100000000)
  eden space 227840K, 0% used [0x00000000e0000000,0x00000000e0000000,0x00000000ede80000)
  from space 57856K, 0% used [0x00000000f1b00000,0x00000000f1b10000,0x00000000f5380000)
  to   space 59904K, 0% used [0x00000000ede80000,0x00000000ede80000,0x00000000f1900000)
 ParOldGen       total 172032K, used 117651K [0x00000000a0000000, 0x00000000aa800000, 0x00000000e0000000)
  object space 172032K, 68% used [0x00000000a0000000,0x00000000a72e4c88,0x00000000aa800000)
 Metaspace       used 85486K, capacity 88118K, committed 88320K, reserved 1126400K
  class space    used 10810K, capacity 11398K, committed 11520K, reserved 1048576K
}
Event: 776.823 GC heap before
{Heap before GC invocations=40 (full 5):
 PSYoungGen      total 285696K, used 227904K [0x00000000e0000000, 0x00000000f5380000, 0x0000000100000000)
  eden space 227840K, 100% used [0x00000000e0000000,0x00000000ede80000,0x00000000ede80000)
  from space 57856K, 0% used [0x00000000f1b00000,0x00000000f1b10000,0x00000000f5380000)
  to   space 59904K, 0% used [0x00000000ede80000,0x00000000ede80000,0x00000000f1900000)
 ParOldGen       total 172032K, used 117651K [0x00000000a0000000, 0x00000000aa800000, 0x00000000e0000000)
  object space 172032K, 68% used [0x00000000a0000000,0x00000000a72e4c88,0x00000000aa800000)
 Metaspace       used 85692K, capacity 88346K, committed 88576K, reserved 1126400K
  class space    used 10843K, capacity 11404K, committed 11520K, reserved 1048576K
Event: 776.840 GC heap after
Heap after GC invocations=40 (full 5):
 PSYoungGen      total 287744K, used 408K [0x00000000e0000000, 0x00000000f7780000, 0x0000000100000000)
  eden space 227840K, 0% used [0x00000000e0000000,0x00000000e0000000,0x00000000ede80000)
  from space 59904K, 0% used [0x00000000ede80000,0x00000000edee6280,0x00000000f1900000)
  to   space 58368K, 0% used [0x00000000f3e80000,0x00000000f3e80000,0x00000000f7780000)
 ParOldGen       total 172032K, used 117675K [0x00000000a0000000, 0x00000000aa800000, 0x00000000e0000000)
  object space 172032K, 68% used [0x00000000a0000000,0x00000000a72eac88,0x00000000aa800000)
 Metaspace       used 85692K, capacity 88346K, committed 88576K, reserved 1126400K
  class space    used 10843K, capacity 11404K, committed 11520K, reserved 1048576K
}

